Library/Bee/Android/Prj/IL2CPP/Gradle/launcher/build/intermediates/manifest_merge_blame_file/release/manifest-merger-blame-release-report.txt
1<?xml version="1.0" encoding="utf-8"?>
2<manifest xmlns:android="http://schemas.android.com/apk/res/android"
3    package="com.Compaslo.Wildfruits"
4    android:installLocation="preferExternal"
5    android:versionCode="3"
6    android:versionName="3.0" >
7
8    <uses-sdk
9        android:minSdkVersion="26"
9-->src\main\AndroidManifest.xml
10        android:targetSdkVersion="31" />
10-->src\main\AndroidManifest.xml
11
12    <supports-screens
12-->src\main\AndroidManifest.xml:4:3-163
13        android:anyDensity="true"
13-->src\main\AndroidManifest.xml:4:135-160
14        android:largeScreens="true"
14-->src\main\AndroidManifest.xml:4:78-105
15        android:normalScreens="true"
15-->src\main\AndroidManifest.xml:4:49-77
16        android:smallScreens="true"
16-->src\main\AndroidManifest.xml:4:21-48
17        android:xlargeScreens="true" />
17-->src\main\AndroidManifest.xml:4:106-134
18
19    <uses-permission android:name="android.permission.INTERNET" />
19-->[:unityLibrary] AndroidManifest.xml:10:5-67
19-->[:unityLibrary] AndroidManifest.xml:10:22-64
20    <uses-permission android:name="android.permission.ACCESS_NETWORK_STATE" />
20-->[:unityLibrary] AndroidManifest.xml:11:5-79
20-->[:unityLibrary] AndroidManifest.xml:11:22-76
21
22    <uses-feature android:glEsVersion="0x00030000" />
22-->[:unityLibrary] AndroidManifest.xml:13:5-54
22-->[:unityLibrary] AndroidManifest.xml:13:19-51
23    <uses-feature
23-->[:unityLibrary] AndroidManifest.xml:14:5-16:36
24        android:name="android.hardware.vulkan.version"
24-->[:unityLibrary] AndroidManifest.xml:15:9-55
25        android:required="false" />
25-->[:unityLibrary] AndroidManifest.xml:16:9-33
26    <uses-feature
26-->[:unityLibrary] AndroidManifest.xml:17:5-19:36
27        android:name="android.hardware.touchscreen"
27-->[:unityLibrary] AndroidManifest.xml:18:9-52
28        android:required="false" />
28-->[:unityLibrary] AndroidManifest.xml:19:9-33
29    <uses-feature
29-->[:unityLibrary] AndroidManifest.xml:20:5-22:36
30        android:name="android.hardware.touchscreen.multitouch"
30-->[:unityLibrary] AndroidManifest.xml:21:9-63
31        android:required="false" />
31-->[:unityLibrary] AndroidManifest.xml:22:9-33
32    <uses-feature
32-->[:unityLibrary] AndroidManifest.xml:23:5-25:36
33        android:name="android.hardware.touchscreen.multitouch.distinct"
33-->[:unityLibrary] AndroidManifest.xml:24:9-72
34        android:required="false" />
34-->[:unityLibrary] AndroidManifest.xml:25:9-33
35
36    <uses-permission android:name="com.google.android.gms.permission.AD_ID" />
36-->[:UnityAds:] AndroidManifest.xml:11:5-79
36-->[:UnityAds:] AndroidManifest.xml:11:22-76
37    <uses-permission android:name="com.android.vending.BILLING" />
37-->[:billing-4.0.0:] AndroidManifest.xml:10:5-67
37-->[:billing-4.0.0:] AndroidManifest.xml:10:22-64
38    <uses-permission android:name="android.permission.ACCESS_WIFI_STATE" />
38-->[:unityLibrary:IronSource.plugin] AndroidManifest.xml:11:5-76
38-->[:unityLibrary:IronSource.plugin] AndroidManifest.xml:11:22-73
39
40    <application
40-->src\main\AndroidManifest.xml:3:3-83
41        android:extractNativeLibs="true"
41-->[:unityLibrary] AndroidManifest.xml:27:18-50
42        android:icon="@mipmap/app_icon"
42-->src\main\AndroidManifest.xml:3:49-80
43        android:label="@string/app_name" >
43-->src\main\AndroidManifest.xml:3:16-48
44        <meta-data
44-->[:unityLibrary] AndroidManifest.xml:28:9-30:33
45            android:name="unity.splash-mode"
45-->[:unityLibrary] AndroidManifest.xml:29:13-45
46            android:value="0" />
46-->[:unityLibrary] AndroidManifest.xml:30:13-30
47        <meta-data
47-->[:unityLibrary] AndroidManifest.xml:31:9-33:36
48            android:name="unity.splash-enable"
48-->[:unityLibrary] AndroidManifest.xml:32:13-47
49            android:value="True" />
49-->[:unityLibrary] AndroidManifest.xml:33:13-33
50        <meta-data
50-->[:unityLibrary] AndroidManifest.xml:34:9-36:36
51            android:name="unity.launch-fullscreen"
51-->[:unityLibrary] AndroidManifest.xml:35:13-51
52            android:value="True" />
52-->[:unityLibrary] AndroidManifest.xml:36:13-33
53        <meta-data
53-->[:unityLibrary] AndroidManifest.xml:37:9-39:37
54            android:name="unity.allow-resizable-window"
54-->[:unityLibrary] AndroidManifest.xml:38:13-56
55            android:value="False" />
55-->[:unityLibrary] AndroidManifest.xml:39:13-34
56        <meta-data
56-->[:unityLibrary] AndroidManifest.xml:40:9-42:50
57            android:name="notch.config"
57-->[:unityLibrary] AndroidManifest.xml:41:13-40
58            android:value="portrait|landscape" />
58-->[:unityLibrary] AndroidManifest.xml:42:13-47
59
60        <activity
60-->[:unityLibrary] AndroidManifest.xml:44:9-65:20
61            android:name="com.unity3d.player.UnityPlayerActivity"
61-->[:unityLibrary] AndroidManifest.xml:45:13-66
62            android:configChanges="mcc|mnc|locale|touchscreen|keyboard|keyboardHidden|navigation|orientation|screenLayout|uiMode|screenSize|smallestScreenSize|fontScale|layoutDirection|density"
62-->[:unityLibrary] AndroidManifest.xml:46:13-194
63            android:exported="true"
63-->[:unityLibrary] AndroidManifest.xml:47:13-36
64            android:hardwareAccelerated="false"
64-->[:unityLibrary] AndroidManifest.xml:48:13-48
65            android:launchMode="singleTask"
65-->[:unityLibrary] AndroidManifest.xml:49:13-44
66            android:resizeableActivity="false"
66-->[:unityLibrary] AndroidManifest.xml:50:13-47
67            android:screenOrientation="fullUser"
67-->[:unityLibrary] AndroidManifest.xml:51:13-49
68            android:theme="@style/UnityThemeSelector" >
68-->[:unityLibrary] AndroidManifest.xml:52:13-54
69            <intent-filter>
69-->[:unityLibrary] AndroidManifest.xml:53:13-57:29
70                <category android:name="android.intent.category.LAUNCHER" />
70-->[:unityLibrary] AndroidManifest.xml:54:17-77
70-->[:unityLibrary] AndroidManifest.xml:54:27-74
71
72                <action android:name="android.intent.action.MAIN" />
72-->[:unityLibrary] AndroidManifest.xml:56:17-69
72-->[:unityLibrary] AndroidManifest.xml:56:25-66
73            </intent-filter>
74
75            <meta-data
75-->[:unityLibrary] AndroidManifest.xml:59:13-61:40
76                android:name="unityplayer.UnityActivity"
76-->[:unityLibrary] AndroidManifest.xml:60:17-57
77                android:value="true" />
77-->[:unityLibrary] AndroidManifest.xml:61:17-37
78            <meta-data
78-->[:unityLibrary] AndroidManifest.xml:62:13-64:40
79                android:name="notch_support"
79-->[:unityLibrary] AndroidManifest.xml:63:17-45
80                android:value="true" />
80-->[:unityLibrary] AndroidManifest.xml:64:17-37
81        </activity>
82        <activity
82-->[:UnityAds:] AndroidManifest.xml:14:9-18:74
83            android:name="com.unity3d.services.ads.adunit.AdUnitActivity"
83-->[:UnityAds:] AndroidManifest.xml:15:13-74
84            android:configChanges="fontScale|keyboard|keyboardHidden|locale|mnc|mcc|navigation|orientation|screenLayout|screenSize|smallestScreenSize|uiMode|touchscreen"
84-->[:UnityAds:] AndroidManifest.xml:16:13-170
85            android:hardwareAccelerated="true"
85-->[:UnityAds:] AndroidManifest.xml:17:13-47
86            android:theme="@android:style/Theme.NoTitleBar.Fullscreen" />
86-->[:UnityAds:] AndroidManifest.xml:18:13-71
87        <activity
87-->[:UnityAds:] AndroidManifest.xml:19:9-23:86
88            android:name="com.unity3d.services.ads.adunit.AdUnitTransparentActivity"
88-->[:UnityAds:] AndroidManifest.xml:20:13-85
89            android:configChanges="fontScale|keyboard|keyboardHidden|locale|mnc|mcc|navigation|orientation|screenLayout|screenSize|smallestScreenSize|uiMode|touchscreen"
89-->[:UnityAds:] AndroidManifest.xml:21:13-170
90            android:hardwareAccelerated="true"
90-->[:UnityAds:] AndroidManifest.xml:22:13-47
91            android:theme="@android:style/Theme.Translucent.NoTitleBar.Fullscreen" />
91-->[:UnityAds:] AndroidManifest.xml:23:13-83
92        <activity
92-->[:UnityAds:] AndroidManifest.xml:24:9-28:86
93            android:name="com.unity3d.services.ads.adunit.AdUnitTransparentSoftwareActivity"
93-->[:UnityAds:] AndroidManifest.xml:25:13-93
94            android:configChanges="fontScale|keyboard|keyboardHidden|locale|mnc|mcc|navigation|orientation|screenLayout|screenSize|smallestScreenSize|uiMode|touchscreen"
94-->[:UnityAds:] AndroidManifest.xml:26:13-170
95            android:hardwareAccelerated="false"
95-->[:UnityAds:] AndroidManifest.xml:27:13-48
96            android:theme="@android:style/Theme.Translucent.NoTitleBar.Fullscreen" />
96-->[:UnityAds:] AndroidManifest.xml:28:13-83
97        <activity
97-->[:UnityAds:] AndroidManifest.xml:29:9-33:74
98            android:name="com.unity3d.services.ads.adunit.AdUnitSoftwareActivity"
98-->[:UnityAds:] AndroidManifest.xml:30:13-82
99            android:configChanges="fontScale|keyboard|keyboardHidden|locale|mnc|mcc|navigation|orientation|screenLayout|screenSize|smallestScreenSize|uiMode|touchscreen"
99-->[:UnityAds:] AndroidManifest.xml:31:13-170
100            android:hardwareAccelerated="false"
100-->[:UnityAds:] AndroidManifest.xml:32:13-48
101            android:theme="@android:style/Theme.NoTitleBar.Fullscreen" />
101-->[:UnityAds:] AndroidManifest.xml:33:13-71
102
103        <meta-data
103-->[:billing-4.0.0:] AndroidManifest.xml:13:9-15:37
104            android:name="com.google.android.play.billingclient.version"
104-->[:billing-4.0.0:] AndroidManifest.xml:14:13-73
105            android:value="4.0.0" />
105-->[:billing-4.0.0:] AndroidManifest.xml:15:13-34
106
107        <activity
107-->[:billing-4.0.0:] AndroidManifest.xml:17:9-21:75
108            android:name="com.android.billingclient.api.ProxyBillingActivity"
108-->[:billing-4.0.0:] AndroidManifest.xml:18:13-78
109            android:configChanges="keyboard|keyboardHidden|screenLayout|screenSize|orientation"
109-->[:billing-4.0.0:] AndroidManifest.xml:19:13-96
110            android:exported="false"
110-->[:billing-4.0.0:] AndroidManifest.xml:20:13-37
111            android:theme="@android:style/Theme.Translucent.NoTitleBar" />
111-->[:billing-4.0.0:] AndroidManifest.xml:21:13-72
112    </application>
113
114</manifest>